# JRE version: OpenJDK Runtime Environment (8.0_152-b01) (build 1.8.0_152-release-915-b01)
# Java VM: OpenJDK 64-Bit Server VM (25.152-b01 mixed mode linux-amd64 compressed oops)
Heap:
 PSYoungGen      total 176128K, used 38167K [0x00000000eab00000, 0x00000000fb780000, 0x0000000100000000)
  eden space 156672K, 16% used [0x00000000eab00000,0x00000000ec3a57c8,0x00000000f4400000)
  from space 19456K, 66% used [0x00000000f4400000,0x00000000f50a05e0,0x00000000f5700000)
  to   space 19968K, 0% used [0x00000000fa400000,0x00000000fa400000,0x00000000fb780000)
 ParOldGen       total 138240K, used 82200K [0x00000000c0000000, 0x00000000c8700000, 0x00000000eab00000)
  object space 138240K, 59% used [0x00000000c0000000,0x00000000c5046198,0x00000000c8700000)
 Metaspace       used 49723K, capacity 50510K, committed 50944K, reserved 1093632K
  class space    used 6120K, capacity 6301K, committed 6400K, reserved 1048576K
GC Heap History (10 events):
Event: 14,568 GC heap after
Heap after GC invocations=14 (full 2):
 PSYoungGen      total 119808K, used 128K [0x00000000eab00000, 0x00000000f3600000, 0x0000000100000000)
  eden space 100352K, 0% used [0x00000000eab00000,0x00000000eab00000,0x00000000f0d00000)
  from space 19456K, 0% used [0x00000000f2080000,0x00000000f20a0000,0x00000000f3380000)
  to   space 19968K, 0% used [0x00000000f0d00000,0x00000000f0d00000,0x00000000f2080000)
 ParOldGen       total 53760K, used 40134K [0x00000000c0000000, 0x00000000c3480000, 0x00000000eab00000)
  object space 53760K, 74% used [0x00000000c0000000,0x00000000c2731a68,0x00000000c3480000)
 Metaspace       used 42133K, capacity 42780K, committed 43392K, reserved 1087488K
  class space    used 5295K, capacity 5458K, committed 5504K, reserved 1048576K
}
Event: 14,598 GC heap before
{Heap before GC invocations=15 (full 2):
 PSYoungGen      total 119808K, used 67202K [0x00000000eab00000, 0x00000000f3600000, 0x0000000100000000)
  eden space 100352K, 66% used [0x00000000eab00000,0x00000000eec80858,0x00000000f0d00000)
  from space 19456K, 0% used [0x00000000f2080000,0x00000000f20a0000,0x00000000f3380000)
  to   space 19968K, 0% used [0x00000000f0d00000,0x00000000f0d00000,0x00000000f2080000)
 ParOldGen       total 53760K, used 40134K [0x00000000c0000000, 0x00000000c3480000, 0x00000000eab00000)
  object space 53760K, 74% used [0x00000000c0000000,0x00000000c2731a68,0x00000000c3480000)
 Metaspace       used 42142K, capacity 42788K, committed 43392K, reserved 1087488K
  class space    used 5298K, capacity 5460K, committed 5504K, reserved 1048576K
Event: 14,622 GC heap after
Heap after GC invocations=15 (full 2):
 PSYoungGen      total 120320K, used 10352K [0x00000000eab00000, 0x00000000f6a80000, 0x0000000100000000)
  eden space 100352K, 0% used [0x00000000eab00000,0x00000000eab00000,0x00000000f0d00000)
  from space 19968K, 51% used [0x00000000f0d00000,0x00000000f171c3a8,0x00000000f2080000)
  to   space 19968K, 0% used [0x00000000f5700000,0x00000000f5700000,0x00000000f6a80000)
 ParOldGen       total 53760K, used 40150K [0x00000000c0000000, 0x00000000c3480000, 0x00000000eab00000)
  object space 53760K, 74% used [0x00000000c0000000,0x00000000c2735a68,0x00000000c3480000)
 Metaspace       used 42142K, capacity 42788K, committed 43392K, reserved 1087488K
  class space    used 5298K, capacity 5460K, committed 5504K, reserved 1048576K
}
Event: 14,826 GC heap before
{Heap before GC invocations=16 (full 2):
 PSYoungGen      total 120320K, used 110092K [0x00000000eab00000, 0x00000000f6a80000, 0x0000000100000000)
  eden space 100352K, 99% used [0x00000000eab00000,0x00000000f0c66ec0,0x00000000f0d00000)
  from space 19968K, 51% used [0x00000000f0d00000,0x00000000f171c3a8,0x00000000f2080000)
  to   space 19968K, 0% used [0x00000000f5700000,0x00000000f5700000,0x00000000f6a80000)
 ParOldGen       total 53760K, used 40150K [0x00000000c0000000, 0x00000000c3480000, 0x00000000eab00000)
  object space 53760K, 74% used [0x00000000c0000000,0x00000000c2735a68,0x00000000c3480000)
 Metaspace       used 42969K, capacity 43624K, committed 44032K, reserved 1087488K
  class space    used 5406K, capacity 5566K, committed 5632K, reserved 1048576K
Event: 14,924 GC heap after
Heap after GC invocations=16 (full 2):
 PSYoungGen      total 176128K, used 11071K [0x00000000eab00000, 0x00000000f6a00000, 0x0000000100000000)
  eden space 156672K, 0% used [0x00000000eab00000,0x00000000eab00000,0x00000000f4400000)
  from space 19456K, 56% used [0x00000000f5700000,0x00000000f61cff18,0x00000000f6a00000)
  to   space 19456K, 0% used [0x00000000f4400000,0x00000000f4400000,0x00000000f5700000)
 ParOldGen       total 95232K, used 81194K [0x00000000c0000000, 0x00000000c5d00000, 0x00000000eab00000)
  object space 95232K, 85% used [0x00000000c0000000,0x00000000c4f4a8d0,0x00000000c5d00000)
 Metaspace       used 42969K, capacity 43624K, committed 44032K, reserved 1087488K
  class space    used 5406K, capacity 5566K, committed 5632K, reserved 1048576K
}
Event: 14,924 GC heap before
{Heap before GC invocations=17 (full 3):
 PSYoungGen      total 176128K, used 11071K [0x00000000eab00000, 0x00000000f6a00000, 0x0000000100000000)
  eden space 156672K, 0% used [0x00000000eab00000,0x00000000eab00000,0x00000000f4400000)
  from space 19456K, 56% used [0x00000000f5700000,0x00000000f61cff18,0x00000000f6a00000)
  to   space 19456K, 0% used [0x00000000f4400000,0x00000000f4400000,0x00000000f5700000)
 ParOldGen       total 95232K, used 81194K [0x00000000c0000000, 0x00000000c5d00000, 0x00000000eab00000)
  object space 95232K, 85% used [0x00000000c0000000,0x00000000c4f4a8d0,0x00000000c5d00000)
 Metaspace       used 42969K, capacity 43624K, committed 44032K, reserved 1087488K
  class space    used 5406K, capacity 5566K, committed 5632K, reserved 1048576K
Event: 15,401 GC heap after
Heap after GC invocations=17 (full 3):
 PSYoungGen      total 176128K, used 0K [0x00000000eab00000, 0x00000000f6a00000, 0x0000000100000000)
  eden space 156672K, 0% used [0x00000000eab00000,0x00000000eab00000,0x00000000f4400000)
  from space 19456K, 0% used [0x00000000f5700000,0x00000000f5700000,0x00000000f6a00000)
  to   space 19456K, 0% used [0x00000000f4400000,0x00000000f4400000,0x00000000f5700000)
 ParOldGen       total 138240K, used 82192K [0x00000000c0000000, 0x00000000c8700000, 0x00000000eab00000)
  object space 138240K, 59% used [0x00000000c0000000,0x00000000c5044198,0x00000000c8700000)
 Metaspace       used 42969K, capacity 43624K, committed 44032K, reserved 1087488K
  class space    used 5406K, capacity 5566K, committed 5632K, reserved 1048576K
}
Event: 18,561 GC heap before
{Heap before GC invocations=18 (full 3):
 PSYoungGen      total 176128K, used 156672K [0x00000000eab00000, 0x00000000f6a00000, 0x0000000100000000)
  eden space 156672K, 100% used [0x00000000eab00000,0x00000000f4400000,0x00000000f4400000)
  from space 19456K, 0% used [0x00000000f5700000,0x00000000f5700000,0x00000000f6a00000)
  to   space 19456K, 0% used [0x00000000f4400000,0x00000000f4400000,0x00000000f5700000)
 ParOldGen       total 138240K, used 82192K [0x00000000c0000000, 0x00000000c8700000, 0x00000000eab00000)
  object space 138240K, 59% used [0x00000000c0000000,0x00000000c5044198,0x00000000c8700000)
 Metaspace       used 49249K, capacity 50102K, committed 50688K, reserved 1093632K
  class space    used 6084K, capacity 6297K, committed 6400K, reserved 1048576K
Event: 18,591 GC heap after
Heap after GC invocations=18 (full 3):
 PSYoungGen      total 176128K, used 12929K [0x00000000eab00000, 0x00000000fb780000, 0x0000000100000000)
  eden space 156672K, 0% used [0x00000000eab00000,0x00000000eab00000,0x00000000f4400000)
  from space 19456K, 66% used [0x00000000f4400000,0x00000000f50a05e0,0x00000000f5700000)
  to   space 19968K, 0% used [0x00000000fa400000,0x00000000fa400000,0x00000000fb780000)
 ParOldGen       total 138240K, used 82200K [0x00000000c0000000, 0x00000000c8700000, 0x00000000eab00000)
  object space 138240K, 59% used [0x00000000c0000000,0x00000000c5046198,0x00000000c8700000)
 Metaspace       used 49249K, capacity 50102K, committed 50688K, reserved 1093632K
  class space    used 6084K, capacity 6297K, committed 6400K, reserved 1048576K
}
Event: 3615,401 GC heap before
{Heap before GC invocations=19 (full 3):
 PSYoungGen      total 176128K, used 38167K [0x00000000eab00000, 0x00000000fb780000, 0x0000000100000000)
  eden space 156672K, 16% used [0x00000000eab00000,0x00000000ec3a57c8,0x00000000f4400000)
  from space 19456K, 66% used [0x00000000f4400000,0x00000000f50a05e0,0x00000000f5700000)
  to   space 19968K, 0% used [0x00000000fa400000,0x00000000fa400000,0x00000000fb780000)
 ParOldGen       total 138240K, used 82200K [0x00000000c0000000, 0x00000000c8700000, 0x00000000eab00000)
  object space 138240K, 59% used [0x00000000c0000000,0x00000000c5046198,0x00000000c8700000)
 Metaspace       used 49723K, capacity 50510K, committed 50944K, reserved 1093632K
  class space    used 6120K, capacity 6301K, committed 6400K, reserved 1048576K

