# JRE version: OpenJDK Runtime Environment (8.0_152-b01) (build 1.8.0_152-release-915-b01)
# Java VM: OpenJDK 64-Bit Server VM (25.152-b01 mixed mode linux-amd64 compressed oops)
Heap:
 PSYoungGen      total 191488K, used 155380K [0x00000000e0000000, 0x00000000ee680000, 0x0000000100000000)
  eden space 174080K, 84% used [0x00000000e0000000,0x00000000e9075fa8,0x00000000eaa00000)
  from space 17408K, 42% used [0x00000000eaa00000,0x00000000eb1473c0,0x00000000ebb00000)
  to   space 16384K, 0% used [0x00000000ed680000,0x00000000ed680000,0x00000000ee680000)
 ParOldGen       total 75776K, used 58312K [0x00000000a0000000, 0x00000000a4a00000, 0x00000000e0000000)
  object space 75776K, 76% used [0x00000000a0000000,0x00000000a38f23f0,0x00000000a4a00000)
 Metaspace       used 75474K, capacity 79510K, committed 79832K, reserved 1118208K
  class space    used 10010K, capacity 10895K, committed 11008K, reserved 1048576K
GC Heap History (10 events):
Event: 32,199 GC heap before
{Heap before GC invocations=20 (full 3):
 PSYoungGen      total 133120K, used 8239K [0x00000000e0000000, 0x00000000ea980000, 0x0000000100000000)
  eden space 120320K, 0% used [0x00000000e0000000,0x00000000e0000000,0x00000000e7580000)
  from space 12800K, 64% used [0x00000000e7580000,0x00000000e7d8bf68,0x00000000e8200000)
  to   space 12800K, 0% used [0x00000000e9d00000,0x00000000e9d00000,0x00000000ea980000)
 ParOldGen       total 49152K, used 29405K [0x00000000a0000000, 0x00000000a3000000, 0x00000000e0000000)
  object space 49152K, 59% used [0x00000000a0000000,0x00000000a1cb7658,0x00000000a3000000)
 Metaspace       used 56990K, capacity 58920K, committed 59028K, reserved 1099776K
  class space    used 7639K, capacity 8126K, committed 8192K, reserved 1048576K
Event: 32,527 GC heap after
Heap after GC invocations=20 (full 3):
 PSYoungGen      total 133120K, used 0K [0x00000000e0000000, 0x00000000ea980000, 0x0000000100000000)
  eden space 120320K, 0% used [0x00000000e0000000,0x00000000e0000000,0x00000000e7580000)
  from space 12800K, 0% used [0x00000000e7580000,0x00000000e7580000,0x00000000e8200000)
  to   space 12800K, 0% used [0x00000000e9d00000,0x00000000e9d00000,0x00000000ea980000)
 ParOldGen       total 75776K, used 33286K [0x00000000a0000000, 0x00000000a4a00000, 0x00000000e0000000)
  object space 75776K, 43% used [0x00000000a0000000,0x00000000a2081b18,0x00000000a4a00000)
 Metaspace       used 56990K, capacity 58920K, committed 59028K, reserved 1099776K
  class space    used 7639K, capacity 8126K, committed 8192K, reserved 1048576K
}
Event: 33,787 GC heap before
{Heap before GC invocations=21 (full 3):
 PSYoungGen      total 133120K, used 120320K [0x00000000e0000000, 0x00000000ea980000, 0x0000000100000000)
  eden space 120320K, 100% used [0x00000000e0000000,0x00000000e7580000,0x00000000e7580000)
  from space 12800K, 0% used [0x00000000e7580000,0x00000000e7580000,0x00000000e8200000)
  to   space 12800K, 0% used [0x00000000e9d00000,0x00000000e9d00000,0x00000000ea980000)
 ParOldGen       total 75776K, used 33286K [0x00000000a0000000, 0x00000000a4a00000, 0x00000000e0000000)
  object space 75776K, 43% used [0x00000000a0000000,0x00000000a2081b18,0x00000000a4a00000)
 Metaspace       used 58342K, capacity 60410K, committed 60632K, reserved 1101824K
  class space    used 7874K, capacity 8354K, committed 8448K, reserved 1048576K
Event: 33,826 GC heap after
Heap after GC invocations=21 (full 3):
 PSYoungGen      total 158208K, used 12800K [0x00000000e0000000, 0x00000000eac00000, 0x0000000100000000)
  eden space 145408K, 0% used [0x00000000e0000000,0x00000000e0000000,0x00000000e8e00000)
  from space 12800K, 100% used [0x00000000e9d00000,0x00000000ea980000,0x00000000ea980000)
  to   space 15360K, 0% used [0x00000000e8e00000,0x00000000e8e00000,0x00000000e9d00000)
 ParOldGen       total 75776K, used 35910K [0x00000000a0000000, 0x00000000a4a00000, 0x00000000e0000000)
  object space 75776K, 47% used [0x00000000a0000000,0x00000000a2311b68,0x00000000a4a00000)
 Metaspace       used 58342K, capacity 60410K, committed 60632K, reserved 1101824K
  class space    used 7874K, capacity 8354K, committed 8448K, reserved 1048576K
}
Event: 39,057 GC heap before
{Heap before GC invocations=22 (full 3):
 PSYoungGen      total 158208K, used 158208K [0x00000000e0000000, 0x00000000eac00000, 0x0000000100000000)
  eden space 145408K, 100% used [0x00000000e0000000,0x00000000e8e00000,0x00000000e8e00000)
  from space 12800K, 100% used [0x00000000e9d00000,0x00000000ea980000,0x00000000ea980000)
  to   space 15360K, 0% used [0x00000000e8e00000,0x00000000e8e00000,0x00000000e9d00000)
 ParOldGen       total 75776K, used 35910K [0x00000000a0000000, 0x00000000a4a00000, 0x00000000e0000000)
  object space 75776K, 47% used [0x00000000a0000000,0x00000000a2311b68,0x00000000a4a00000)
 Metaspace       used 64326K, capacity 66762K, committed 66904K, reserved 1107968K
  class space    used 8693K, capacity 9308K, committed 9344K, reserved 1048576K
Event: 39,161 GC heap after
Heap after GC invocations=22 (full 3):
 PSYoungGen      total 160768K, used 11562K [0x00000000e0000000, 0x00000000ecc00000, 0x0000000100000000)
  eden space 145408K, 0% used [0x00000000e0000000,0x00000000e0000000,0x00000000e8e00000)
  from space 15360K, 75% used [0x00000000e8e00000,0x00000000e994a948,0x00000000e9d00000)
  to   space 16384K, 0% used [0x00000000ebc00000,0x00000000ebc00000,0x00000000ecc00000)
 ParOldGen       total 75776K, used 48751K [0x00000000a0000000, 0x00000000a4a00000, 0x00000000e0000000)
  object space 75776K, 64% used [0x00000000a0000000,0x00000000a2f9bf68,0x00000000a4a00000)
 Metaspace       used 64326K, capacity 66762K, committed 66904K, reserved 1107968K
  class space    used 8693K, capacity 9308K, committed 9344K, reserved 1048576K
}
Event: 52,941 GC heap before
{Heap before GC invocations=23 (full 3):
 PSYoungGen      total 160768K, used 156970K [0x00000000e0000000, 0x00000000ecc00000, 0x0000000100000000)
  eden space 145408K, 100% used [0x00000000e0000000,0x00000000e8e00000,0x00000000e8e00000)
  from space 15360K, 75% used [0x00000000e8e00000,0x00000000e994a948,0x00000000e9d00000)
  to   space 16384K, 0% used [0x00000000ebc00000,0x00000000ebc00000,0x00000000ecc00000)
 ParOldGen       total 75776K, used 48751K [0x00000000a0000000, 0x00000000a4a00000, 0x00000000e0000000)
  object space 75776K, 64% used [0x00000000a0000000,0x00000000a2f9bf68,0x00000000a4a00000)
 Metaspace       used 70314K, capacity 73434K, committed 73560K, reserved 1112064K
  class space    used 9321K, capacity 10070K, committed 10112K, reserved 1048576K
Event: 53,044 GC heap after
Heap after GC invocations=23 (full 3):
 PSYoungGen      total 190464K, used 12035K [0x00000000e0000000, 0x00000000ecc00000, 0x0000000100000000)
  eden space 174080K, 0% used [0x00000000e0000000,0x00000000e0000000,0x00000000eaa00000)
  from space 16384K, 73% used [0x00000000ebc00000,0x00000000ec7c0d28,0x00000000ecc00000)
  to   space 17408K, 0% used [0x00000000eaa00000,0x00000000eaa00000,0x00000000ebb00000)
 ParOldGen       total 75776K, used 54424K [0x00000000a0000000, 0x00000000a4a00000, 0x00000000e0000000)
  object space 75776K, 71% used [0x00000000a0000000,0x00000000a35260d0,0x00000000a4a00000)
 Metaspace       used 70314K, capacity 73434K, committed 73560K, reserved 1112064K
  class space    used 9321K, capacity 10070K, committed 10112K, reserved 1048576K
}
Event: 182,697 GC heap before
{Heap before GC invocations=24 (full 3):
 PSYoungGen      total 190464K, used 186115K [0x00000000e0000000, 0x00000000ecc00000, 0x0000000100000000)
  eden space 174080K, 100% used [0x00000000e0000000,0x00000000eaa00000,0x00000000eaa00000)
  from space 16384K, 73% used [0x00000000ebc00000,0x00000000ec7c0d28,0x00000000ecc00000)
  to   space 17408K, 0% used [0x00000000eaa00000,0x00000000eaa00000,0x00000000ebb00000)
 ParOldGen       total 75776K, used 54424K [0x00000000a0000000, 0x00000000a4a00000, 0x00000000e0000000)
  object space 75776K, 71% used [0x00000000a0000000,0x00000000a35260d0,0x00000000a4a00000)
 Metaspace       used 72487K, capacity 76066K, committed 76248K, reserved 1116160K
  class space    used 9567K, capacity 10384K, committed 10496K, reserved 1048576K
Event: 182,726 GC heap after
Heap after GC invocations=24 (full 3):
 PSYoungGen      total 191488K, used 7452K [0x00000000e0000000, 0x00000000ee680000, 0x0000000100000000)
  eden space 174080K, 0% used [0x00000000e0000000,0x00000000e0000000,0x00000000eaa00000)
  from space 17408K, 42% used [0x00000000eaa00000,0x00000000eb1473c0,0x00000000ebb00000)
  to   space 16384K, 0% used [0x00000000ed680000,0x00000000ed680000,0x00000000ee680000)
 ParOldGen       total 75776K, used 58312K [0x00000000a0000000, 0x00000000a4a00000, 0x00000000e0000000)
  object space 75776K, 76% used [0x00000000a0000000,0x00000000a38f23f0,0x00000000a4a00000)
 Metaspace       used 72487K, capacity 76066K, committed 76248K, reserved 1116160K
  class space    used 9567K, capacity 10384K, committed 10496K, reserved 1048576K
}

