# JRE version: OpenJDK Runtime Environment (8.0_152-b01) (build 1.8.0_152-release-915-b01)
# Java VM: OpenJDK 64-Bit Server VM (25.152-b01 mixed mode linux-amd64 compressed oops)
Heap:
 PSYoungGen      total 120320K, used 88958K [0x00000000e0000000, 0x00000000e8c80000, 0x0000000100000000)
  eden space 110080K, 71% used [0x00000000e0000000,0x00000000e4d5b588,0x00000000e6b80000)
  from space 10240K, 95% used [0x00000000e6b80000,0x00000000e7504668,0x00000000e7580000)
  to   space 11776K, 0% used [0x00000000e8100000,0x00000000e8100000,0x00000000e8c80000)
 ParOldGen       total 73728K, used 36010K [0x00000000a0000000, 0x00000000a4800000, 0x00000000e0000000)
  object space 73728K, 48% used [0x00000000a0000000,0x00000000a232aab8,0x00000000a4800000)
 Metaspace       used 69420K, capacity 72170K, committed 72280K, reserved 1112064K
  class space    used 9199K, capacity 9809K, committed 9856K, reserved 1048576K
GC Heap History (10 events):
Event: 54,987 GC heap before
{Heap before GC invocations=26 (full 2):
 PSYoungGen      total 90624K, used 60905K [0x00000000e0000000, 0x00000000e7400000, 0x0000000100000000)
  eden space 81408K, 67% used [0x00000000e0000000,0x00000000e356e838,0x00000000e4f80000)
  from space 9216K, 67% used [0x00000000e4f80000,0x00000000e558bed0,0x00000000e5880000)
  to   space 9728K, 0% used [0x00000000e6a80000,0x00000000e6a80000,0x00000000e7400000)
 ParOldGen       total 40448K, used 31653K [0x00000000a0000000, 0x00000000a2780000, 0x00000000e0000000)
  object space 40448K, 78% used [0x00000000a0000000,0x00000000a1ee9760,0x00000000a2780000)
 Metaspace       used 56850K, capacity 58990K, committed 59028K, reserved 1099776K
  class space    used 7698K, capacity 8190K, committed 8192K, reserved 1048576K
Event: 55,007 GC heap after
Heap after GC invocations=26 (full 2):
 PSYoungGen      total 109056K, used 2083K [0x00000000e0000000, 0x00000000e7380000, 0x0000000100000000)
  eden space 99840K, 0% used [0x00000000e0000000,0x00000000e0000000,0x00000000e6180000)
  from space 9216K, 22% used [0x00000000e6a80000,0x00000000e6c88e60,0x00000000e7380000)
  to   space 9216K, 0% used [0x00000000e6180000,0x00000000e6180000,0x00000000e6a80000)
 ParOldGen       total 40448K, used 36426K [0x00000000a0000000, 0x00000000a2780000, 0x00000000e0000000)
  object space 40448K, 90% used [0x00000000a0000000,0x00000000a2392970,0x00000000a2780000)
 Metaspace       used 56850K, capacity 58990K, committed 59028K, reserved 1099776K
  class space    used 7698K, capacity 8190K, committed 8192K, reserved 1048576K
}
Event: 55,007 GC heap before
{Heap before GC invocations=27 (full 3):
 PSYoungGen      total 109056K, used 2083K [0x00000000e0000000, 0x00000000e7380000, 0x0000000100000000)
  eden space 99840K, 0% used [0x00000000e0000000,0x00000000e0000000,0x00000000e6180000)
  from space 9216K, 22% used [0x00000000e6a80000,0x00000000e6c88e60,0x00000000e7380000)
  to   space 9216K, 0% used [0x00000000e6180000,0x00000000e6180000,0x00000000e6a80000)
 ParOldGen       total 40448K, used 36426K [0x00000000a0000000, 0x00000000a2780000, 0x00000000e0000000)
  object space 40448K, 90% used [0x00000000a0000000,0x00000000a2392970,0x00000000a2780000)
 Metaspace       used 56850K, capacity 58990K, committed 59028K, reserved 1099776K
  class space    used 7698K, capacity 8190K, committed 8192K, reserved 1048576K
Event: 55,430 GC heap after
Heap after GC invocations=27 (full 3):
 PSYoungGen      total 109056K, used 0K [0x00000000e0000000, 0x00000000e7380000, 0x0000000100000000)
  eden space 99840K, 0% used [0x00000000e0000000,0x00000000e0000000,0x00000000e6180000)
  from space 9216K, 0% used [0x00000000e6a80000,0x00000000e6a80000,0x00000000e7380000)
  to   space 9216K, 0% used [0x00000000e6180000,0x00000000e6180000,0x00000000e6a80000)
 ParOldGen       total 73728K, used 35986K [0x00000000a0000000, 0x00000000a4800000, 0x00000000e0000000)
  object space 73728K, 48% used [0x00000000a0000000,0x00000000a2324ab8,0x00000000a4800000)
 Metaspace       used 56816K, capacity 58898K, committed 59028K, reserved 1099776K
  class space    used 7687K, capacity 8170K, committed 8192K, reserved 1048576K
}
Event: 56,067 GC heap before
{Heap before GC invocations=28 (full 3):
 PSYoungGen      total 109056K, used 99840K [0x00000000e0000000, 0x00000000e7380000, 0x0000000100000000)
  eden space 99840K, 100% used [0x00000000e0000000,0x00000000e6180000,0x00000000e6180000)
  from space 9216K, 0% used [0x00000000e6a80000,0x00000000e6a80000,0x00000000e7380000)
  to   space 9216K, 0% used [0x00000000e6180000,0x00000000e6180000,0x00000000e6a80000)
 ParOldGen       total 73728K, used 35986K [0x00000000a0000000, 0x00000000a4800000, 0x00000000e0000000)
  object space 73728K, 48% used [0x00000000a0000000,0x00000000a2324ab8,0x00000000a4800000)
 Metaspace       used 57068K, capacity 59258K, committed 59412K, reserved 1099776K
  class space    used 7720K, capacity 8220K, committed 8320K, reserved 1048576K
Event: 56,071 GC heap after
Heap after GC invocations=28 (full 3):
 PSYoungGen      total 109056K, used 341K [0x00000000e0000000, 0x00000000e8080000, 0x0000000100000000)
  eden space 99840K, 0% used [0x00000000e0000000,0x00000000e0000000,0x00000000e6180000)
  from space 9216K, 3% used [0x00000000e6180000,0x00000000e61d55f0,0x00000000e6a80000)
  to   space 9728K, 0% used [0x00000000e7700000,0x00000000e7700000,0x00000000e8080000)
 ParOldGen       total 73728K, used 35994K [0x00000000a0000000, 0x00000000a4800000, 0x00000000e0000000)
  object space 73728K, 48% used [0x00000000a0000000,0x00000000a2326ab8,0x00000000a4800000)
 Metaspace       used 57068K, capacity 59258K, committed 59412K, reserved 1099776K
  class space    used 7720K, capacity 8220K, committed 8320K, reserved 1048576K
}
Event: 532,761 GC heap before
{Heap before GC invocations=29 (full 3):
 PSYoungGen      total 109056K, used 100181K [0x00000000e0000000, 0x00000000e8080000, 0x0000000100000000)
  eden space 99840K, 100% used [0x00000000e0000000,0x00000000e6180000,0x00000000e6180000)
  from space 9216K, 3% used [0x00000000e6180000,0x00000000e61d55f0,0x00000000e6a80000)
  to   space 9728K, 0% used [0x00000000e7700000,0x00000000e7700000,0x00000000e8080000)
 ParOldGen       total 73728K, used 35994K [0x00000000a0000000, 0x00000000a4800000, 0x00000000e0000000)
  object space 73728K, 48% used [0x00000000a0000000,0x00000000a2326ab8,0x00000000a4800000)
 Metaspace       used 61771K, capacity 64254K, committed 64344K, reserved 1105920K
  class space    used 8205K, capacity 8772K, committed 8832K, reserved 1048576K
Event: 532,795 GC heap after
Heap after GC invocations=29 (full 3):
 PSYoungGen      total 118784K, used 6897K [0x00000000e0000000, 0x00000000e7f80000, 0x0000000100000000)
  eden space 110080K, 0% used [0x00000000e0000000,0x00000000e0000000,0x00000000e6b80000)
  from space 8704K, 79% used [0x00000000e7700000,0x00000000e7dbc730,0x00000000e7f80000)
  to   space 10240K, 0% used [0x00000000e6b80000,0x00000000e6b80000,0x00000000e7580000)
 ParOldGen       total 73728K, used 36002K [0x00000000a0000000, 0x00000000a4800000, 0x00000000e0000000)
  object space 73728K, 48% used [0x00000000a0000000,0x00000000a2328ab8,0x00000000a4800000)
 Metaspace       used 61771K, capacity 64254K, committed 64344K, reserved 1105920K
  class space    used 8205K, capacity 8772K, committed 8832K, reserved 1048576K
}
Event: 540,996 GC heap before
{Heap before GC invocations=30 (full 3):
 PSYoungGen      total 118784K, used 116977K [0x00000000e0000000, 0x00000000e7f80000, 0x0000000100000000)
  eden space 110080K, 100% used [0x00000000e0000000,0x00000000e6b80000,0x00000000e6b80000)
  from space 8704K, 79% used [0x00000000e7700000,0x00000000e7dbc730,0x00000000e7f80000)
  to   space 10240K, 0% used [0x00000000e6b80000,0x00000000e6b80000,0x00000000e7580000)
 ParOldGen       total 73728K, used 36002K [0x00000000a0000000, 0x00000000a4800000, 0x00000000e0000000)
  object space 73728K, 48% used [0x00000000a0000000,0x00000000a2328ab8,0x00000000a4800000)
 Metaspace       used 64560K, capacity 67194K, committed 67416K, reserved 1107968K
  class space    used 8488K, capacity 9062K, committed 9088K, reserved 1048576K
Event: 541,017 GC heap after
Heap after GC invocations=30 (full 3):
 PSYoungGen      total 120320K, used 9745K [0x00000000e0000000, 0x00000000e8c80000, 0x0000000100000000)
  eden space 110080K, 0% used [0x00000000e0000000,0x00000000e0000000,0x00000000e6b80000)
  from space 10240K, 95% used [0x00000000e6b80000,0x00000000e7504668,0x00000000e7580000)
  to   space 11776K, 0% used [0x00000000e8100000,0x00000000e8100000,0x00000000e8c80000)
 ParOldGen       total 73728K, used 36010K [0x00000000a0000000, 0x00000000a4800000, 0x00000000e0000000)
  object space 73728K, 48% used [0x00000000a0000000,0x00000000a232aab8,0x00000000a4800000)
 Metaspace       used 64560K, capacity 67194K, committed 67416K, reserved 1107968K
  class space    used 8488K, capacity 9062K, committed 9088K, reserved 1048576K
}

